{"numFailedTestSuites":1,"numFailedTests":0,"numPassedTestSuites":0,"numPassedTests":0,"numPendingTestSuites":0,"numPendingTests":0,"numRuntimeErrorTestSuites":1,"numTodoTests":0,"numTotalTestSuites":1,"numTotalTests":0,"openHandles":[],"snapshot":{"added":0,"didUpdate":false,"failure":false,"filesAdded":0,"filesRemoved":0,"filesRemovedList":[],"filesUnmatched":0,"filesUpdated":0,"matched":0,"total":0,"unchecked":0,"uncheckedKeysByFile":[],"unmatched":0,"updated":0},"startTime":1755626641127,"success":false,"testResults":[{"assertionResults":[],"coverage":{},"endTime":1755626654568,"message":"  \u001b[1m● \u001b[22mTest suite failed to run\n\n    \u001b[96msrc/tests/unit/commands/SearchCommand.sqlite.spec.ts\u001b[0m:\u001b[93m25\u001b[0m:\u001b[93m63\u001b[0m - \u001b[91merror\u001b[0m\u001b[90m TS2345: \u001b[0mArgument of type '{ hits: { fileId: string; name: string; contentHash: string; textLen: number; snippet: string; }[]; total: number; }' is not assignable to parameter of type 'never'.\n\n    \u001b[7m25\u001b[0m     const searchIndex = { search: jest.fn().mockResolvedValue(hits) } as any;\n    \u001b[7m  \u001b[0m \u001b[91m                                                              ~~~~\u001b[0m\n    \u001b[96msrc/tests/unit/commands/SearchCommand.sqlite.spec.ts\u001b[0m:\u001b[93m28\u001b[0m:\u001b[93m79\u001b[0m - \u001b[91merror\u001b[0m\u001b[90m TS2345: \u001b[0mArgument of type '(name: string) => any' is not assignable to parameter of type 'UnknownFunction'.\n      Types of parameters 'name' and 'args' are incompatible.\n        Type 'unknown' is not assignable to type 'string'.\n\n    \u001b[7m28\u001b[0m     (interaction.client.serviceContainer.get as jest.Mock).mockImplementation((name: string) => {\n    \u001b[7m  \u001b[0m \u001b[91m                                                                              ~~~~~~~~~~~~~~~~~~~\u001b[0m\n","name":"C:\\Users\\dmitz\\Documents\\GitHub\\BotDiscordGodzilla\\src\\tests\\unit\\commands\\SearchCommand.sqlite.spec.ts","startTime":1755626654568,"status":"failed","summary":""}],"wasInterrupted":false}
